native/android/app/build/intermediates/manifest_merge_blame_file/debug/processDebugMainManifest/manifest-merger-blame-debug-report.txt
1<?xml version="1.0" encoding="utf-8"?>
2<manifest xmlns:android="http://schemas.android.com/apk/res/android"
3    package="com.dnest.app"
4    android:versionCode="1"
5    android:versionName="1.0" >
6
7    <uses-sdk
8        android:minSdkVersion="26"
9        android:targetSdkVersion="36" />
10
11    <uses-permission android:name="android.permission.INTERNET" />
11-->src\main\AndroidManifest.xml:3:5-67
11-->src\main\AndroidManifest.xml:3:22-64
12    <uses-permission android:name="android.permission.ACCESS_COARSE_LOCATION" />
12-->src\main\AndroidManifest.xml:4:5-81
12-->src\main\AndroidManifest.xml:4:22-78
13    <uses-permission android:name="android.permission.ACCESS_FINE_LOCATION" />
13-->src\main\AndroidManifest.xml:5:5-79
13-->src\main\AndroidManifest.xml:5:22-76
14    <uses-permission android:name="android.permission.FOREGROUND_SERVICE" />
14-->src\main\AndroidManifest.xml:6:5-77
14-->src\main\AndroidManifest.xml:6:22-74
15    <uses-permission android:name="android.permission.FOREGROUND_SERVICE_LOCATION" />
15-->src\main\AndroidManifest.xml:7:5-86
15-->src\main\AndroidManifest.xml:7:22-83
16    <uses-permission android:name="android.permission.POST_NOTIFICATIONS" />
16-->src\main\AndroidManifest.xml:8:5-77
16-->src\main\AndroidManifest.xml:8:22-74
17    <uses-permission android:name="android.permission.POST_PROMOTED_NOTIFICATIONS" />
17-->src\main\AndroidManifest.xml:9:5-86
17-->src\main\AndroidManifest.xml:9:22-83
18
19    <application
19-->src\main\AndroidManifest.xml:11:5-48:19
20        android:allowBackup="false"
20-->src\main\AndroidManifest.xml:12:9-36
21        android:debuggable="true"
22        android:extractNativeLibs="false"
23        android:icon="@drawable/ic_heart_pin"
23-->src\main\AndroidManifest.xml:13:9-46
24        android:label="DNest"
24-->src\main\AndroidManifest.xml:14:9-30
25        android:supportsRtl="true"
25-->src\main\AndroidManifest.xml:15:9-35
26        android:theme="@style/Theme.DNest"
26-->src\main\AndroidManifest.xml:16:9-43
27        android:usesCleartextTraffic="false" >
27-->src\main\AndroidManifest.xml:17:9-45
28        <activity
28-->src\main\AndroidManifest.xml:18:9-31:20
29            android:name="com.dnest.app.MainActivity"
29-->src\main\AndroidManifest.xml:19:13-41
30            android:exported="true" >
30-->src\main\AndroidManifest.xml:20:13-36
31            <intent-filter>
31-->src\main\AndroidManifest.xml:21:13-24:29
32                <action android:name="android.intent.action.MAIN" />
32-->src\main\AndroidManifest.xml:22:17-69
32-->src\main\AndroidManifest.xml:22:25-66
33
34                <category android:name="android.intent.category.LAUNCHER" />
34-->src\main\AndroidManifest.xml:23:17-77
34-->src\main\AndroidManifest.xml:23:27-74
35            </intent-filter>
36            <intent-filter>
36-->src\main\AndroidManifest.xml:25:13-30:29
37                <action android:name="android.intent.action.VIEW" />
37-->src\main\AndroidManifest.xml:26:17-69
37-->src\main\AndroidManifest.xml:26:25-66
38
39                <category android:name="android.intent.category.DEFAULT" />
39-->src\main\AndroidManifest.xml:27:17-76
39-->src\main\AndroidManifest.xml:27:27-73
40                <category android:name="android.intent.category.BROWSABLE" />
40-->src\main\AndroidManifest.xml:28:17-78
40-->src\main\AndroidManifest.xml:28:27-75
41
42                <data
42-->src\main\AndroidManifest.xml:29:17-71
43                    android:host="connect"
43-->src\main\AndroidManifest.xml:29:46-68
44                    android:scheme="dnest" />
44-->src\main\AndroidManifest.xml:29:23-45
45            </intent-filter>
46        </activity>
47
48        <service
48-->src\main\AndroidManifest.xml:33:9-36:56
49            android:name="com.dnest.app.BetweenUsLocationService"
49-->src\main\AndroidManifest.xml:34:13-53
50            android:exported="false"
50-->src\main\AndroidManifest.xml:35:13-37
51            android:foregroundServiceType="location" />
51-->src\main\AndroidManifest.xml:36:13-53
52
53        <receiver
53-->src\main\AndroidManifest.xml:38:9-47:20
54            android:name="com.dnest.app.BetweenUsWidgetProvider"
54-->src\main\AndroidManifest.xml:39:13-52
55            android:exported="true" >
55-->src\main\AndroidManifest.xml:40:13-36
56            <intent-filter>
56-->src\main\AndroidManifest.xml:41:13-43:29
57                <action android:name="android.appwidget.action.APPWIDGET_UPDATE" />
57-->src\main\AndroidManifest.xml:42:17-84
57-->src\main\AndroidManifest.xml:42:25-81
58            </intent-filter>
59
60            <meta-data
60-->src\main\AndroidManifest.xml:44:13-46:66
61                android:name="android.appwidget.provider"
61-->src\main\AndroidManifest.xml:45:17-58
62                android:resource="@xml/between_us_widget_info" />
62-->src\main\AndroidManifest.xml:46:17-63
63        </receiver>
64    </application>
65
66</manifest>